T-Spice - Tanner SPICE
Version 16.30
Network license
Product Release ID: T-Spice Win64 16.30.20150626.02:41:53
Copyright © 1988-2015 Mentor Graphics Corporation

	Parsing "C:\VLSI\Vlsi Tech File-20241018T163704Z-001\Vlsi Tech File\L-edit Lab\SUBTRACT_BLOCK2.spc"
	Initializing parser from header file "C:\Program Files\Tanner EDA\Tanner Tools v16.3\tiburonda\models\VAdatabase.sp"
	Including "C:\VLSI\Vlsi Tech File-20241018T163704Z-001\Vlsi Tech File\SCN_0.25u_CMOS.md"

Start of SUBTRACT_BLOCK2.spc
Loaded BSIM3v31 model library, Berkeley BSIM3 v3.1.0 with extensions
Warning : Node 6 is only attached to FET gate terminals; voltage is undefined
Warning : Node 52 is only attached to FET gate terminals; voltage is undefined
Warning : Node 99 is only attached to FET gate terminals; voltage is undefined
Warning : Node 126 is only attached to FET gate terminals; voltage is undefined

General options:
        threads = 2

 Device and node counts:
              MOSFETs -     336
    MOSFET geometries -      12
      Voltage sources -      10
   Subckt Definitions -       1
     Subckt Instances -       0
    Model Definitions -       2
      Computed Models -       2
    Independent nodes -     169
       Boundary nodes -      11
          Total nodes -     180
*** 4 WARNING MESSAGES GENERATED DURING SETUP


	Opening simulation database "C:\VLSI\Vlsi Tech File-20241018T163704Z-001\Vlsi Tech File\L-edit Lab\SUBTRACT_BLOCK2.tsim"
Warning : "SUBTRACT_BLOCK2.spc" line 365 Source VA1 DC OP value (5) differs from the transient time 0 value (0)
Warning : "SUBTRACT_BLOCK2.spc" line 367 Source VA2 DC OP value (5) differs from the transient time 0 value (0)
Warning : "SUBTRACT_BLOCK2.spc" line 368 Source VB2 DC OP value (5) differs from the transient time 0 value (0)
Warning : "SUBTRACT_BLOCK2.spc" line 370 Source VB3 DC OP value (5) differs from the transient time 0 value (0)
        : Operating Point will be calculated twice for DC and Transient values

Parsing                      0.02 seconds
Setup                        0.03 seconds
DC operating point           0.03 seconds
Transient Analysis           0.23 seconds
Overhead                     0.97 seconds
-----------------------------------------
Total                        1.28 seconds

Simulation completed	with  8 Warnings
