T-Spice - Tanner SPICE
Version 16.30
Network license
Product Release ID: T-Spice Win64 16.30.20150626.02:41:53
Copyright © 1988-2015 Mentor Graphics Corporation

	Parsing "C:\VLSI\Vlsi Tech File-20241018T163704Z-001\Vlsi Tech File\L-edit Lab\nand.spc"
	Initializing parser from header file "C:\Program Files\Tanner EDA\Tanner Tools v16.3\tiburonda\models\VAdatabase.sp"
	Including "C:\VLSI\Vlsi Tech File-20241018T163704Z-001\Vlsi Tech File\SCN_0.25u_CMOS.md"

Start of nand.spc
Loaded BSIM3v31 model library, Berkeley BSIM3 v3.1.0 with extensions

General options:
        threads = 1

 Device and node counts:
              MOSFETs -       4
    MOSFET geometries -       4
      Voltage sources -       4
   Subckt Definitions -       1
     Subckt Instances -       0
    Model Definitions -       2
      Computed Models -       2
    Independent nodes -       3
       Boundary nodes -       5
          Total nodes -       8

	Opening simulation database "C:\VLSI\Vlsi Tech File-20241018T163704Z-001\Vlsi Tech File\L-edit Lab\nand.tsim"

Transient Analysis           0.03 seconds
Overhead                     0.23 seconds
-----------------------------------------
Total                        0.28 seconds

Simulation completed
